<?xml version="1.0" encoding="UTF-8"?>
<testng-results skipped="0" failed="0" ignored="0" total="1" passed="1">
  <reporter-output>
  </reporter-output>
  <suite name="Suite" duration-ms="21378" started-at="2018-05-16T08:23:45Z" finished-at="2018-05-16T08:24:06Z">
    <groups>
    </groups>
    <test name="firefox" duration-ms="21378" started-at="2018-05-16T08:23:45Z" finished-at="2018-05-16T08:24:06Z">
      <class name="SampleMaven.Finance.TC001_LoginPage">
        <test-method status="PASS" signature="SetUp(java.lang.String)[pri:0, instance:SampleMaven.Finance.TC001_LoginPage@670b40af]" name="SetUp" is-config="true" duration-ms="14599" started-at="2018-05-16T08:23:45Z" finished-at="2018-05-16T08:24:00Z">
          <params>
            <param index="0">
              <value>
                <![CDATA[firefox]]>
              </value>
            </param>
          </params>
          <reporter-output>
          </reporter-output>
        </test-method> <!-- SetUp -->
        <test-method status="PASS" signature="customerLogin()[pri:0, instance:SampleMaven.Finance.TC001_LoginPage@670b40af]" name="customerLogin" duration-ms="6748" started-at="2018-05-16T08:24:00Z" finished-at="2018-05-16T08:24:06Z">
          <reporter-output>
          </reporter-output>
        </test-method> <!-- customerLogin -->
        <test-method status="PASS" signature="KillProcess()[pri:0, instance:SampleMaven.Finance.TC001_LoginPage@670b40af]" name="KillProcess" is-config="true" duration-ms="0" started-at="2018-05-16T08:24:06Z" finished-at="2018-05-16T08:24:06Z">
          <reporter-output>
          </reporter-output>
        </test-method> <!-- KillProcess -->
      </class> <!-- SampleMaven.Finance.TC001_LoginPage -->
    </test> <!-- firefox -->
  </suite> <!-- Suite -->
</testng-results>
