<?xml version="1.0" encoding="UTF-8"?>
<testng-results skipped="0" failed="0" ignored="0" total="1" passed="1">
  <reporter-output>
  </reporter-output>
  <suite name="Suite" duration-ms="24272" started-at="2018-05-18T05:54:45Z" finished-at="2018-05-18T05:55:10Z">
    <groups>
    </groups>
    <test name="firefox" duration-ms="24272" started-at="2018-05-18T05:54:45Z" finished-at="2018-05-18T05:55:10Z">
      <class name="SampleMaven.Finance.SampleTestNG">
        <test-method status="PASS" signature="startProcess(java.lang.String)[pri:0, instance:SampleMaven.Finance.SampleTestNG@670b40af]" name="startProcess" is-config="true" duration-ms="24116" started-at="2018-05-18T05:54:46Z" finished-at="2018-05-18T05:55:10Z">
          <params>
            <param index="0">
              <value>
                <![CDATA[firefox]]>
              </value>
            </param>
          </params>
          <reporter-output>
          </reporter-output>
        </test-method> <!-- startProcess -->
        <test-method status="PASS" signature="f()[pri:0, instance:SampleMaven.Finance.SampleTestNG@670b40af]" name="f" duration-ms="4" started-at="2018-05-18T05:55:10Z" finished-at="2018-05-18T05:55:10Z">
          <reporter-output>
          </reporter-output>
        </test-method> <!-- f -->
        <test-method status="PASS" signature="afterClass()[pri:0, instance:SampleMaven.Finance.SampleTestNG@670b40af]" name="afterClass" is-config="true" duration-ms="1" started-at="2018-05-18T05:55:10Z" finished-at="2018-05-18T05:55:10Z">
          <reporter-output>
          </reporter-output>
        </test-method> <!-- afterClass -->
      </class> <!-- SampleMaven.Finance.SampleTestNG -->
    </test> <!-- firefox -->
  </suite> <!-- Suite -->
</testng-results>
